<?xml version="1.0" encoding="UTF-8"?>
<testsuite name="com.delta.bff.flight.integration.FlightBffApplicationTests" tests="1" skipped="0" failures="0" errors="0" timestamp="2022-05-05T22:25:21" hostname="Chandrasekhars-MacBook-Air.local" time="0.245">
  <properties/>
  <testcase name="testGetFlightsInformation()" classname="com.delta.bff.flight.integration.FlightBffApplicationTests" time="0.245"/>
  <system-out><![CDATA[18:25:19.894 [Test worker] DEBUG org.springframework.test.context.BootstrapUtils - Instantiating CacheAwareContextLoaderDelegate from class [org.springframework.test.context.cache.DefaultCacheAwareContextLoaderDelegate]
18:25:19.899 [Test worker] DEBUG org.springframework.test.context.BootstrapUtils - Instantiating BootstrapContext using constructor [public org.springframework.test.context.support.DefaultBootstrapContext(java.lang.Class,org.springframework.test.context.CacheAwareContextLoaderDelegate)]
18:25:19.916 [Test worker] DEBUG org.springframework.test.context.BootstrapUtils - Instantiating TestContextBootstrapper for test class [com.delta.bff.flight.integration.FlightBffApplicationTests] from class [org.springframework.boot.test.context.SpringBootTestContextBootstrapper]
18:25:19.922 [Test worker] INFO org.springframework.boot.test.context.SpringBootTestContextBootstrapper - Neither @ContextConfiguration nor @ContextHierarchy found for test class [com.delta.bff.flight.integration.FlightBffApplicationTests], using SpringBootContextLoader
18:25:19.925 [Test worker] DEBUG org.springframework.test.context.support.AbstractContextLoader - Did not detect default resource location for test class [com.delta.bff.flight.integration.FlightBffApplicationTests]: class path resource [com/delta/bff/flight/integration/FlightBffApplicationTests-context.xml] does not exist
18:25:19.925 [Test worker] DEBUG org.springframework.test.context.support.AbstractContextLoader - Did not detect default resource location for test class [com.delta.bff.flight.integration.FlightBffApplicationTests]: class path resource [com/delta/bff/flight/integration/FlightBffApplicationTestsContext.groovy] does not exist
18:25:19.925 [Test worker] INFO org.springframework.test.context.support.AbstractContextLoader - Could not detect default resource locations for test class [com.delta.bff.flight.integration.FlightBffApplicationTests]: no resource found for suffixes {-context.xml, Context.groovy}.
18:25:19.925 [Test worker] INFO org.springframework.test.context.support.AnnotationConfigContextLoaderUtils - Could not detect default configuration classes for test class [com.delta.bff.flight.integration.FlightBffApplicationTests]: FlightBffApplicationTests does not declare any static, non-private, non-final, nested classes annotated with @Configuration.
18:25:19.961 [Test worker] DEBUG org.springframework.test.context.support.ActiveProfilesUtils - Could not find an 'annotation declaring class' for annotation type [org.springframework.test.context.ActiveProfiles] and class [com.delta.bff.flight.integration.FlightBffApplicationTests]
18:25:20.002 [Test worker] DEBUG org.springframework.context.annotation.ClassPathScanningCandidateComponentProvider - Identified candidate component class: file [/Users/chandu/Downloads/flight-bff/build/classes/java/main/com/delta/bff/flight/FlightBffApplication.class]
18:25:20.003 [Test worker] INFO org.springframework.boot.test.context.SpringBootTestContextBootstrapper - Found @SpringBootConfiguration com.delta.bff.flight.FlightBffApplication for test class com.delta.bff.flight.integration.FlightBffApplicationTests
18:25:20.067 [Test worker] DEBUG org.springframework.boot.test.context.SpringBootTestContextBootstrapper - @TestExecutionListeners is not present for class [com.delta.bff.flight.integration.FlightBffApplicationTests]: using defaults.
18:25:20.068 [Test worker] INFO org.springframework.boot.test.context.SpringBootTestContextBootstrapper - Loaded default TestExecutionListener class names from location [META-INF/spring.factories]: [org.springframework.security.test.context.support.WithSecurityContextTestExecutionListener, org.springframework.security.test.context.support.ReactorContextTestExecutionListener, org.springframework.boot.test.autoconfigure.restdocs.RestDocsTestExecutionListener, org.springframework.boot.test.autoconfigure.web.client.MockRestServiceServerResetTestExecutionListener, org.springframework.boot.test.autoconfigure.web.servlet.MockMvcPrintOnlyOnFailureTestExecutionListener, org.springframework.boot.test.autoconfigure.web.servlet.WebDriverTestExecutionListener, org.springframework.boot.test.autoconfigure.webservices.client.MockWebServiceServerTestExecutionListener, org.springframework.boot.test.mock.mockito.MockitoTestExecutionListener, org.springframework.boot.test.mock.mockito.ResetMocksTestExecutionListener, org.springframework.test.context.web.ServletTestExecutionListener, org.springframework.test.context.support.DirtiesContextBeforeModesTestExecutionListener, org.springframework.test.context.event.ApplicationEventsTestExecutionListener, org.springframework.test.context.support.DependencyInjectionTestExecutionListener, org.springframework.test.context.support.DirtiesContextTestExecutionListener, org.springframework.test.context.transaction.TransactionalTestExecutionListener, org.springframework.test.context.jdbc.SqlScriptsTestExecutionListener, org.springframework.test.context.event.EventPublishingTestExecutionListener]
18:25:20.091 [Test worker] DEBUG org.springframework.boot.test.context.SpringBootTestContextBootstrapper - Skipping candidate TestExecutionListener [org.springframework.test.context.transaction.TransactionalTestExecutionListener] due to a missing dependency. Specify custom listener classes or make the default listener classes and their required dependencies available. Offending class: [org/springframework/transaction/interceptor/TransactionAttributeSource]
18:25:20.091 [Test worker] DEBUG org.springframework.boot.test.context.SpringBootTestContextBootstrapper - Skipping candidate TestExecutionListener [org.springframework.test.context.jdbc.SqlScriptsTestExecutionListener] due to a missing dependency. Specify custom listener classes or make the default listener classes and their required dependencies available. Offending class: [org/springframework/transaction/interceptor/TransactionAttribute]
18:25:20.091 [Test worker] INFO org.springframework.boot.test.context.SpringBootTestContextBootstrapper - Using TestExecutionListeners: [org.springframework.test.context.web.ServletTestExecutionListener@6f603e89, org.springframework.test.context.support.DirtiesContextBeforeModesTestExecutionListener@2756c0a7, org.springframework.test.context.event.ApplicationEventsTestExecutionListener@350ec41e, org.springframework.boot.test.mock.mockito.MockitoTestExecutionListener@69637b10, org.springframework.boot.test.autoconfigure.SpringBootDependencyInjectionTestExecutionListener@71984c3, org.springframework.test.context.support.DirtiesContextTestExecutionListener@165b2f7f, org.springframework.security.test.context.support.WithSecurityContextTestExecutionListener@5536379e, org.springframework.test.context.event.EventPublishingTestExecutionListener@277f7dd3, org.springframework.security.test.context.support.ReactorContextTestExecutionListener@6c8bca63, org.springframework.boot.test.autoconfigure.restdocs.RestDocsTestExecutionListener@2364305a, org.springframework.boot.test.autoconfigure.web.client.MockRestServiceServerResetTestExecutionListener@470a696f, org.springframework.boot.test.autoconfigure.web.servlet.MockMvcPrintOnlyOnFailureTestExecutionListener@1bc715b8, org.springframework.boot.test.autoconfigure.web.servlet.WebDriverTestExecutionListener@292d1c71, org.springframework.boot.test.autoconfigure.webservices.client.MockWebServiceServerTestExecutionListener@2b491fee, org.springframework.boot.test.mock.mockito.ResetMocksTestExecutionListener@3f1c5af9]
18:25:20.095 [Test worker] DEBUG org.springframework.test.context.support.AbstractDirtiesContextTestExecutionListener - Before test class: context [DefaultTestContext@16f7b4af testClass = FlightBffApplicationTests, testInstance = [null], testMethod = [null], testException = [null], mergedContextConfiguration = [WebMergedContextConfiguration@7adf16aa testClass = FlightBffApplicationTests, locations = '{}', classes = '{class com.delta.bff.flight.FlightBffApplication}', contextInitializerClasses = '[]', activeProfiles = '{}', propertySourceLocations = '{}', propertySourceProperties = '{org.springframework.boot.test.context.SpringBootTestContextBootstrapper=true}', contextCustomizers = set[org.springframework.boot.test.autoconfigure.actuate.metrics.MetricsExportContextCustomizerFactory$DisableMetricExportContextCustomizer@58326051, org.springframework.boot.test.autoconfigure.properties.PropertyMappingContextCustomizer@4b3fa0b3, org.springframework.boot.test.autoconfigure.web.servlet.WebDriverContextCustomizerFactory$Customizer@7fb95505, [ImportsContextCustomizer@34a1d21f key = [org.springframework.boot.test.autoconfigure.web.servlet.MockMvcAutoConfiguration, org.springframework.boot.test.autoconfigure.web.servlet.MockMvcWebClientAutoConfiguration, org.springframework.boot.test.autoconfigure.web.servlet.MockMvcWebDriverAutoConfiguration, org.springframework.boot.autoconfigure.security.oauth2.client.servlet.OAuth2ClientAutoConfiguration, org.springframework.boot.autoconfigure.security.oauth2.resource.servlet.OAuth2ResourceServerAutoConfiguration, org.springframework.boot.autoconfigure.security.servlet.SecurityAutoConfiguration, org.springframework.boot.autoconfigure.security.servlet.SecurityFilterAutoConfiguration, org.springframework.boot.autoconfigure.security.servlet.UserDetailsServiceAutoConfiguration, org.springframework.boot.test.autoconfigure.web.servlet.MockMvcSecurityConfiguration, org.springframework.boot.test.autoconfigure.web.reactive.WebTestClientAutoConfiguration]], org.springframework.boot.test.context.filter.ExcludeFilterContextCustomizer@6bca7e0d, org.springframework.boot.test.json.DuplicateJsonObjectContextCustomizerFactory$DuplicateJsonObjectContextCustomizer@8ad6665, org.springframework.boot.test.mock.mockito.MockitoContextCustomizer@0, org.springframework.boot.test.web.client.TestRestTemplateContextCustomizer@535779e4, org.springframework.boot.test.context.SpringBootTestArgs@1, org.springframework.boot.test.context.SpringBootTestWebEnvironment@17a7f733], resourceBasePath = 'src/main/webapp', contextLoader = 'org.springframework.boot.test.context.SpringBootContextLoader', parent = [null]], attributes = map['org.springframework.test.context.web.ServletTestExecutionListener.activateListener' -> true]], class annotated with @DirtiesContext [false] with mode [null].

  .   ____          _            __ _ _
 /\\ / ___'_ __ _ _(_)_ __  __ _ \ \ \ \
( ( )\___ | '_ | '_| | '_ \/ _` | \ \ \ \
 \\/  ___)| |_)| | | | | || (_| |  ) ) ) )
  '  |____| .__|_| |_|_| |_\__, | / / / /
 =========|_|==============|___/=/_/_/_/
 :: Spring Boot ::                (v2.6.7)

2022-05-05 18:25:20.487  INFO 87219 --- [    Test worker] c.d.b.f.i.FlightBffApplicationTests      : Starting FlightBffApplicationTests using Java 17.0.3 on Chandrasekhars-MacBook-Air.local with PID 87219 (started by chandu in /Users/chandu/Downloads/flight-bff)
2022-05-05 18:25:20.487  INFO 87219 --- [    Test worker] c.d.b.f.i.FlightBffApplicationTests      : No active profile set, falling back to 1 default profile: "default"
2022-05-05 18:25:21.376  INFO 87219 --- [    Test worker] o.s.b.a.e.web.EndpointLinksResolver      : Exposing 1 endpoint(s) beneath base path '/actuator'
2022-05-05 18:25:21.482  WARN 87219 --- [    Test worker] .s.s.UserDetailsServiceAutoConfiguration : 

Using generated security password: ca73172e-551c-47a8-8d43-b2413d88a2cb

This generated password is for development use only. Your security configuration must be updated before running your application in production.

2022-05-05 18:25:21.544  INFO 87219 --- [    Test worker] o.s.s.web.DefaultSecurityFilterChain     : Will secure any request with [org.springframework.security.web.context.request.async.WebAsyncManagerIntegrationFilter@6fde6f05, org.springframework.security.web.context.SecurityContextPersistenceFilter@4e2cdc51, org.springframework.security.web.header.HeaderWriterFilter@45571cfc, org.springframework.security.web.csrf.CsrfFilter@5ab7ac02, org.springframework.security.web.authentication.logout.LogoutFilter@1b1e1f02, org.springframework.security.web.savedrequest.RequestCacheAwareFilter@6182ffef, org.springframework.security.web.servletapi.SecurityContextHolderAwareRequestFilter@2c16677c, org.springframework.security.web.authentication.AnonymousAuthenticationFilter@7114e780, org.springframework.security.web.session.SessionManagementFilter@5a899811, org.springframework.security.web.access.ExceptionTranslationFilter@7548e1fb, org.springframework.security.web.access.intercept.FilterSecurityInterceptor@31f31b20]
2022-05-05 18:25:21.742  INFO 87219 --- [    Test worker] o.s.b.t.m.w.SpringBootMockServletContext : Initializing Spring TestDispatcherServlet ''
2022-05-05 18:25:21.743  INFO 87219 --- [    Test worker] o.s.t.web.servlet.TestDispatcherServlet  : Initializing Servlet ''
2022-05-05 18:25:21.743  INFO 87219 --- [    Test worker] o.s.t.web.servlet.TestDispatcherServlet  : Completed initialization in 0 ms
2022-05-05 18:25:21.901  INFO 87219 --- [    Test worker] c.d.b.f.i.FlightBffApplicationTests      : Started FlightBffApplicationTests in 1.786 seconds (JVM running for 2.479)
2022-05-05 18:25:22.173  INFO 87219 --- [    Test worker] c.d.b.f.c.FlightBookingController        : Inside Service getFlightInformation Start
2022-05-05 18:25:22.173  INFO 87219 --- [    Test worker] c.d.b.f.c.FlightBookingController        : Inside Service getFlightInformation End
]]></system-out>
  <system-err><![CDATA[]]></system-err>
</testsuite>
